# JRE version: Java(TM) SE Runtime Environment (17.0.1+12) (build 17.0.1+12-LTS-39)
# Java VM: Java HotSpot(TM) 64-Bit Server VM (17.0.1+12-LTS-39, mixed mode, emulated-client, sharing, tiered, compressed oops, compressed class ptrs, g1 gc, windows-amd64)
GC Precious Log:
 CPUs: 4 total, 4 available
 Memory: 16165M
 Large Page Support: Disabled
 NUMA Support: Disabled
 Compressed Oops: Enabled (Zero based)
 Heap Region Size: 2M
 Heap Min Capacity: 8M
 Heap Initial Capacity: 254M
 Heap Max Capacity: 4042M
 Pre-touch: Disabled
 Parallel Workers: 4
 Concurrent Workers: 1
 Concurrent Refinement Workers: 4
 Periodic GC: Disabled
Heap:
 garbage-first heap   total 81920K, used 46739K [0x0000000703600000, 0x0000000800000000)
  region size 2048K, 13 young (26624K), 0 survivors (0K)
 Metaspace       used 53617K, committed 54144K, reserved 1097728K
  class space    used 7538K, committed 7744K, reserved 1048576K
GC Heap History (20 events):
Event: 251.598 GC heap before
{Heap before GC invocations=15 (full 0):
 garbage-first heap   total 90112K, used 39667K [0x0000000703600000, 0x0000000800000000)
  region size 2048K, 11 young (22528K), 3 survivors (6144K)
 Metaspace       used 52802K, committed 53248K, reserved 1097728K
  class space    used 7435K, committed 7616K, reserved 1048576K
}
Event: 251.633 GC heap after
{Heap after GC invocations=16 (full 1):
 garbage-first heap   total 90112K, used 24089K [0x0000000703600000, 0x0000000800000000)
  region size 2048K, 0 young (0K), 0 survivors (0K)
 Metaspace       used 52802K, committed 53248K, reserved 1097728K
  class space    used 7435K, committed 7616K, reserved 1048576K
}
Event: 251.870 GC heap before
{Heap before GC invocations=16 (full 1):
 garbage-first heap   total 90112K, used 63001K [0x0000000703600000, 0x0000000800000000)
  region size 2048K, 20 young (40960K), 0 survivors (0K)
 Metaspace       used 52854K, committed 53248K, reserved 1097728K
  class space    used 7444K, committed 7616K, reserved 1048576K
}
Event: 251.873 GC heap after
{Heap after GC invocations=17 (full 1):
 garbage-first heap   total 90112K, used 27000K [0x0000000703600000, 0x0000000800000000)
  region size 2048K, 2 young (4096K), 2 survivors (4096K)
 Metaspace       used 52854K, committed 53248K, reserved 1097728K
  class space    used 7444K, committed 7616K, reserved 1048576K
}
Event: 251.931 GC heap before
{Heap before GC invocations=17 (full 1):
 garbage-first heap   total 90112K, used 63864K [0x0000000703600000, 0x0000000800000000)
  region size 2048K, 21 young (43008K), 2 survivors (4096K)
 Metaspace       used 52946K, committed 53376K, reserved 1097728K
  class space    used 7459K, committed 7616K, reserved 1048576K
}
Event: 251.934 GC heap after
{Heap after GC invocations=18 (full 1):
 garbage-first heap   total 90112K, used 26957K [0x0000000703600000, 0x0000000800000000)
  region size 2048K, 2 young (4096K), 2 survivors (4096K)
 Metaspace       used 52946K, committed 53376K, reserved 1097728K
  class space    used 7459K, committed 7616K, reserved 1048576K
}
Event: 270.823 GC heap before
{Heap before GC invocations=18 (full 1):
 garbage-first heap   total 90112K, used 49485K [0x0000000703600000, 0x0000000800000000)
  region size 2048K, 14 young (28672K), 2 survivors (4096K)
 Metaspace       used 53138K, committed 53632K, reserved 1097728K
  class space    used 7482K, committed 7680K, reserved 1048576K
}
Event: 270.875 GC heap after
{Heap after GC invocations=19 (full 2):
 garbage-first heap   total 75776K, used 21702K [0x0000000703600000, 0x0000000800000000)
  region size 2048K, 0 young (0K), 0 survivors (0K)
 Metaspace       used 53089K, committed 53632K, reserved 1097728K
  class space    used 7471K, committed 7680K, reserved 1048576K
}
Event: 271.384 GC heap before
{Heap before GC invocations=19 (full 2):
 garbage-first heap   total 75776K, used 56518K [0x0000000703600000, 0x0000000800000000)
  region size 2048K, 18 young (36864K), 0 survivors (0K)
 Metaspace       used 53135K, committed 53632K, reserved 1097728K
  class space    used 7478K, committed 7680K, reserved 1048576K
}
Event: 271.386 GC heap after
{Heap after GC invocations=20 (full 2):
 garbage-first heap   total 75776K, used 24575K [0x0000000703600000, 0x0000000800000000)
  region size 2048K, 2 young (4096K), 2 survivors (4096K)
 Metaspace       used 53135K, committed 53632K, reserved 1097728K
  class space    used 7478K, committed 7680K, reserved 1048576K
}
Event: 271.391 GC heap before
{Heap before GC invocations=20 (full 2):
 garbage-first heap   total 75776K, used 55295K [0x0000000703600000, 0x0000000800000000)
  region size 2048K, 18 young (36864K), 2 survivors (4096K)
 Metaspace       used 53135K, committed 53632K, reserved 1097728K
  class space    used 7478K, committed 7680K, reserved 1048576K
}
Event: 271.393 GC heap after
{Heap after GC invocations=21 (full 2):
 garbage-first heap   total 75776K, used 24260K [0x0000000703600000, 0x0000000800000000)
  region size 2048K, 2 young (4096K), 2 survivors (4096K)
 Metaspace       used 53135K, committed 53632K, reserved 1097728K
  class space    used 7478K, committed 7680K, reserved 1048576K
}
Event: 290.449 GC heap before
{Heap before GC invocations=21 (full 2):
 garbage-first heap   total 75776K, used 57028K [0x0000000703600000, 0x0000000800000000)
  region size 2048K, 19 young (38912K), 2 survivors (4096K)
 Metaspace       used 53301K, committed 53760K, reserved 1097728K
  class space    used 7492K, committed 7680K, reserved 1048576K
}
Event: 290.484 GC heap after
{Heap after GC invocations=22 (full 3):
 garbage-first heap   total 75776K, used 21936K [0x0000000703600000, 0x0000000800000000)
  region size 2048K, 0 young (0K), 0 survivors (0K)
 Metaspace       used 53295K, committed 53760K, reserved 1097728K
  class space    used 7491K, committed 7680K, reserved 1048576K
}
Event: 290.684 GC heap before
{Heap before GC invocations=22 (full 3):
 garbage-first heap   total 75776K, used 56752K [0x0000000703600000, 0x0000000800000000)
  region size 2048K, 18 young (36864K), 0 survivors (0K)
 Metaspace       used 53362K, committed 53824K, reserved 1097728K
  class space    used 7504K, committed 7680K, reserved 1048576K
}
Event: 290.687 GC heap after
{Heap after GC invocations=23 (full 3):
 garbage-first heap   total 75776K, used 24607K [0x0000000703600000, 0x0000000800000000)
  region size 2048K, 2 young (4096K), 2 survivors (4096K)
 Metaspace       used 53362K, committed 53824K, reserved 1097728K
  class space    used 7504K, committed 7680K, reserved 1048576K
}
Event: 290.696 GC heap before
{Heap before GC invocations=23 (full 3):
 garbage-first heap   total 75776K, used 57375K [0x0000000703600000, 0x0000000800000000)
  region size 2048K, 19 young (38912K), 2 survivors (4096K)
 Metaspace       used 53362K, committed 53824K, reserved 1097728K
  class space    used 7504K, committed 7680K, reserved 1048576K
}
Event: 290.698 GC heap after
{Heap after GC invocations=24 (full 3):
 garbage-first heap   total 92160K, used 24608K [0x0000000703600000, 0x0000000800000000)
  region size 2048K, 2 young (4096K), 2 survivors (4096K)
 Metaspace       used 53362K, committed 53824K, reserved 1097728K
  class space    used 7504K, committed 7680K, reserved 1048576K
}
Event: 324.700 GC heap before
{Heap before GC invocations=24 (full 3):
 garbage-first heap   total 92160K, used 55328K [0x0000000703600000, 0x0000000800000000)
  region size 2048K, 18 young (36864K), 2 survivors (4096K)
 Metaspace       used 53596K, committed 54144K, reserved 1097728K
  class space    used 7534K, committed 7744K, reserved 1048576K
}
Event: 324.731 GC heap after
{Heap after GC invocations=25 (full 4):
 garbage-first heap   total 81920K, used 22163K [0x0000000703600000, 0x0000000800000000)
  region size 2048K, 0 young (0K), 0 survivors (0K)
 Metaspace       used 53590K, committed 54144K, reserved 1097728K
  class space    used 7533K, committed 7744K, reserved 1048576K
}

